[2015-07-22 19:59:13] START
[2015-07-22 19:59:13] EDIT bets/models/0.py: 0
[2015-08-17 07:23:47] EDIT bets/controllers/man.py: 0
[2015-08-17 07:25:54] EDIT bets/controllers/man.py: 0
[2015-08-17 07:31:40] EDIT bets/views/layout.html: 1
[2015-08-17 07:32:17] EDIT bets/views/layout.html: 0
[2015-08-17 07:56:43] EDIT bets/private/serve.py: 3
[2015-08-17 07:58:04] EDIT bets/private/serve.py: 0
[2015-08-17 08:04:32] EDIT bets/private/serve.py: 0
[2015-08-17 08:05:23] EDIT bets/private/serve.py: 0
[2015-08-17 08:13:24] EDIT bets/modules/ws.py: 3
[2015-08-24 15:04:52] EDIT bets_dvlp/views/layout.html: 7
[2015-08-24 15:07:06] EDIT bets_dvlp/views/layout.html: 2
[2015-08-24 15:11:30] EDIT bets_dvlp/views/layout.html: -4
[2015-08-24 15:12:23] EDIT bets_dvlp/views/layout.html: 1
[2015-08-24 15:13:14] EDIT bets_dvlp/views/layout.html: 0
[2015-08-24 15:14:44] EDIT bets_dvlp/views/layout.html: 0
[2015-08-24 15:16:31] EDIT bets_dvlp/views/layout.html: 0
[2015-08-24 15:30:27] EDIT bets_dvlp/views/layout.html: -1
[2015-08-31 11:56:48] EDIT bets_dvlp/controllers/hand.py: 5
[2015-08-31 11:57:19] EDIT bets_dvlp/controllers/hand.py: 0
[2015-09-13 11:06:00] EDIT bets_dvlp/controllers/hand.py: 0
[2015-09-13 11:09:30] EDIT bets_dvlp/controllers/hand.py: 0
[2015-09-13 11:09:20] EDIT bets_dvlp/controllers/hand.py: 0
[2015-10-09 13:09:38] EDIT bets_dvlp/controllers/hand.py: 3
[2015-10-09 13:09:49] EDIT bets_dvlp/controllers/hand.py: 3
[2015-10-09 13:11:53] EDIT bets_dvlp/controllers/hand.py: 0
[2015-10-09 13:15:08] EDIT bets_dvlp/controllers/hand.py: 0
[2015-10-09 13:16:13] EDIT bets_dvlp/controllers/hand.py: 0
[2015-11-16 07:57:38] EDIT bets_dvlp/private/serve.py: 3
[2015-11-16 07:57:46] EDIT bets_dvlp/private/serve.py: 0
[2015-11-16 07:58:00] EDIT bets_dvlp/private/serve.py: 0
[2015-11-16 07:59:20] EDIT bets_dvlp/private/serve.py: 0
[2015-11-16 08:01:29] EDIT bets_dvlp/private/serve.py: 0
[2015-11-16 08:02:03] EDIT bets_dvlp/private/serve.py: 1
[2015-11-16 08:04:15] EDIT bets_dvlp/private/serve.py: 1
[2015-11-16 08:04:35] EDIT bets_dvlp/private/serve.py: 1
[2015-11-16 08:07:28] EDIT bets_dvlp/private/serve.py: -3
[2015-11-16 08:09:54] EDIT bets_dvlp/private/serve.py: 0
[2016-04-02 21:22:50] EDIT bets_dvlp/models/0.py: 0
[2016-04-02 21:23:39] EDIT bets_dvlp/models/0.py: 0
[2016-04-02 21:24:35] EDIT bets_dvlp/models/0.py: 0
[2016-04-02 21:27:31] EDIT bets_dvlp/models/0.py: 0
[2016-04-02 21:55:50] EDIT bets_dvlp/controllers/hand.py: 1
[2016-04-02 21:56:25] EDIT bets_dvlp/controllers/hand.py: 1
[2016-04-02 22:00:58] EDIT bets_dvlp/models/0.py: 1
[2016-04-02 22:01:31] EDIT bets_dvlp/controllers/hand.py: -2
[2016-08-22 22:02:45] EDIT bets_github/models/db.py: 0
[2016-08-22 22:03:13] EDIT bets_github/models/db.py: 0
[2016-08-22 22:04:22] DELETE bets_github/controllers/hand--.py: -831
[2016-08-22 22:06:03] EDIT bets_github/models/0.py: 0
[2016-08-22 22:06:11] EDIT bets_github/models/0.py: 0
[2016-08-22 22:08:33] EDIT bets_github/models/0.py: 1
[2016-08-22 22:09:13] EDIT bets_github/models/0.py: 0
[2016-08-22 22:10:51] EDIT bets_github/models/0.py: 0
[2016-08-22 22:12:14] EDIT bets_github/models/db.py: 0
[2016-08-22 22:13:15] EDIT bets_github/models/0.py: 1
[2016-08-22 22:13:27] EDIT bets_github/models/0.py: 0
[2016-08-22 22:14:32] EDIT bets_github/models/0.py: 0
[2016-08-22 22:14:41] EDIT bets_github/models/0.py: 0
[2016-08-22 22:15:24] EDIT bets_github/models/db.py: 0
[2016-08-22 22:17:25] EDIT bets_github/models/0.py: 0
[2016-08-22 22:18:02] EDIT bets_github/models/0.py: 1
[2016-08-22 22:18:31] EDIT bets_github/models/0.py: 2
